-------------------------------------------------------------------------------
Test set: TestSuite
-------------------------------------------------------------------------------
Tests run: 3, Failures: 1, Errors: 0, Skipped: 2, Time elapsed: 1.096 s <<< FAILURE! - in TestSuite
initialize(tests.TestBase)  Time elapsed: 0.91 s  <<< FAILURE!
java.lang.IllegalStateException: The driver executable does not exist: C:\Automation\DriverFiles\chromedriver_win32\chromerdriver.exe
	at tests.TestBase.initialize(TestBase.java:22)

